<?xml version="1.0" encoding="UTF-8"?>
<testsuite xmlns:xsi="http://www.w3.org/2001/XMLSchema-instance" xsi:noNamespaceSchemaLocation="https://maven.apache.org/surefire/maven-surefire-plugin/xsd/surefire-test-report.xsd" name="com.heima.article.ArticleTest" time="28.006" tests="1" errors="0" skipped="0" failures="0">
  <properties>
    <property name="sun.desktop" value="windows"/>
    <property name="awt.toolkit" value="sun.awt.windows.WToolkit"/>
    <property name="file.encoding.pkg" value="sun.io"/>
    <property name="java.specification.version" value="1.8"/>
    <property name="sun.cpu.isalist" value="amd64"/>
    <property name="sun.jnu.encoding" value="GBK"/>
    <property name="java.class.path" value="D:\tools\ideastudy\heima-leadnews\heima-leadnews-article\target\test-classes;D:\tools\ideastudy\heima-leadnews\heima-leadnews-article\target\classes;D:\tools\ideastudy\heima-leadnews\heima-leadnews-model\target\heima-leadnews-model-1.0-SNAPSHOT.jar;D:\tools\maven_repo\org\springframework\boot\spring-boot-starter-data-jpa\2.1.5.RELEASE\spring-boot-starter-data-jpa-2.1.5.RELEASE.jar;D:\tools\maven_repo\javax\transaction\javax.transaction-api\1.3\javax.transaction-api-1.3.jar;D:\tools\maven_repo\javax\xml\bind\jaxb-api\2.3.1\jaxb-api-2.3.1.jar;D:\tools\maven_repo\javax\activation\javax.activation-api\1.2.0\javax.activation-api-1.2.0.jar;D:\tools\maven_repo\org\hibernate\hibernate-core\5.3.10.Final\hibernate-core-5.3.10.Final.jar;D:\tools\maven_repo\javax\persistence\javax.persistence-api\2.2\javax.persistence-api-2.2.jar;D:\tools\maven_repo\antlr\antlr\2.7.7\antlr-2.7.7.jar;D:\tools\maven_repo\org\jboss\jandex\2.0.5.Final\jandex-2.0.5.Final.jar;D:\tools\maven_repo\org\dom4j\dom4j\2.1.1\dom4j-2.1.1.jar;D:\tools\maven_repo\org\hibernate\common\hibernate-commons-annotations\5.0.4.Final\hibernate-commons-annotations-5.0.4.Final.jar;D:\tools\maven_repo\org\springframework\data\spring-data-jpa\2.1.8.RELEASE\spring-data-jpa-2.1.8.RELEASE.jar;D:\tools\maven_repo\org\springframework\data\spring-data-commons\2.1.8.RELEASE\spring-data-commons-2.1.8.RELEASE.jar;D:\tools\maven_repo\org\springframework\spring-orm\5.1.7.RELEASE\spring-orm-5.1.7.RELEASE.jar;D:\tools\maven_repo\org\springframework\spring-aspects\5.1.7.RELEASE\spring-aspects-5.1.7.RELEASE.jar;D:\tools\maven_repo\mysql\mysql-connector-java\5.1.47\mysql-connector-java-5.1.47.jar;D:\tools\maven_repo\org\mybatis\mybatis\3.5.1\mybatis-3.5.1.jar;D:\tools\maven_repo\org\apache\commons\commons-lang3\3.5\commons-lang3-3.5.jar;D:\tools\ideastudy\heima-leadnews\heima-leadnews-common\target\heima-leadnews-common-1.0-SNAPSHOT.jar;D:\tools\ideastudy\heima-leadnews\heima-leadnews-utils\target\heima-leadnews-utils-1.0-SNAPSHOT.jar;D:\tools\maven_repo\commons-codec\commons-codec\1.12\commons-codec-1.12.jar;D:\tools\maven_repo\com\alibaba\fastjson\1.2.58\fastjson-1.2.58.jar;D:\tools\maven_repo\io\jsonwebtoken\jjwt\0.9.1\jjwt-0.9.1.jar;D:\tools\maven_repo\com\hankcs\hanlp\portable-1.3.4\hanlp-portable-1.3.4.jar;D:\tools\maven_repo\commons-beanutils\commons-beanutils\1.9.3\commons-beanutils-1.9.3.jar;D:\tools\maven_repo\commons-logging\commons-logging\1.2\commons-logging-1.2.jar;D:\tools\maven_repo\commons-collections\commons-collections\3.2.2\commons-collections-3.2.2.jar;D:\tools\maven_repo\org\reflections\reflections\0.9.11\reflections-0.9.11.jar;D:\tools\maven_repo\com\google\guava\guava\20.0\guava-20.0.jar;D:\tools\maven_repo\org\javassist\javassist\3.21.0-GA\javassist-3.21.0-GA.jar;D:\tools\maven_repo\org\springframework\boot\spring-boot-starter-jdbc\2.1.5.RELEASE\spring-boot-starter-jdbc-2.1.5.RELEASE.jar;D:\tools\maven_repo\com\zaxxer\HikariCP\3.2.0\HikariCP-3.2.0.jar;D:\tools\maven_repo\org\springframework\spring-jdbc\5.1.7.RELEASE\spring-jdbc-5.1.7.RELEASE.jar;D:\tools\maven_repo\org\springframework\boot\spring-boot-starter-quartz\2.1.5.RELEASE\spring-boot-starter-quartz-2.1.5.RELEASE.jar;D:\tools\maven_repo\org\springframework\spring-context-support\5.1.7.RELEASE\spring-context-support-5.1.7.RELEASE.jar;D:\tools\maven_repo\org\springframework\spring-tx\5.1.7.RELEASE\spring-tx-5.1.7.RELEASE.jar;D:\tools\maven_repo\org\springframework\boot\spring-boot-starter-websocket\2.1.5.RELEASE\spring-boot-starter-websocket-2.1.5.RELEASE.jar;D:\tools\maven_repo\org\springframework\spring-messaging\5.1.7.RELEASE\spring-messaging-5.1.7.RELEASE.jar;D:\tools\maven_repo\org\springframework\spring-websocket\5.1.7.RELEASE\spring-websocket-5.1.7.RELEASE.jar;D:\tools\maven_repo\org\springframework\boot\spring-boot-starter-aop\2.1.5.RELEASE\spring-boot-starter-aop-2.1.5.RELEASE.jar;D:\tools\maven_repo\org\springframework\spring-aop\5.1.7.RELEASE\spring-aop-5.1.7.RELEASE.jar;D:\tools\maven_repo\org\aspectj\aspectjweaver\1.9.4\aspectjweaver-1.9.4.jar;D:\tools\maven_repo\org\springframework\boot\spring-boot-test\2.1.5.RELEASE\spring-boot-test-2.1.5.RELEASE.jar;D:\tools\maven_repo\org\springframework\boot\spring-boot\2.1.5.RELEASE\spring-boot-2.1.5.RELEASE.jar;D:\tools\maven_repo\org\springframework\boot\spring-boot-starter\2.1.5.RELEASE\spring-boot-starter-2.1.5.RELEASE.jar;D:\tools\maven_repo\org\springframework\boot\spring-boot-autoconfigure\2.1.5.RELEASE\spring-boot-autoconfigure-2.1.5.RELEASE.jar;D:\tools\maven_repo\javax\annotation\javax.annotation-api\1.3.2\javax.annotation-api-1.3.2.jar;D:\tools\maven_repo\org\yaml\snakeyaml\1.23\snakeyaml-1.23.jar;D:\tools\maven_repo\org\springframework\boot\spring-boot-starter-actuator\2.1.5.RELEASE\spring-boot-starter-actuator-2.1.5.RELEASE.jar;D:\tools\maven_repo\org\springframework\boot\spring-boot-actuator-autoconfigure\2.1.5.RELEASE\spring-boot-actuator-autoconfigure-2.1.5.RELEASE.jar;D:\tools\maven_repo\org\springframework\boot\spring-boot-actuator\2.1.5.RELEASE\spring-boot-actuator-2.1.5.RELEASE.jar;D:\tools\maven_repo\io\micrometer\micrometer-core\1.1.4\micrometer-core-1.1.4.jar;D:\tools\maven_repo\org\latencyutils\LatencyUtils\2.0.3\LatencyUtils-2.0.3.jar;D:\tools\maven_repo\org\springframework\boot\spring-boot-starter-data-mongodb\2.1.5.RELEASE\spring-boot-starter-data-mongodb-2.1.5.RELEASE.jar;D:\tools\maven_repo\org\mongodb\mongodb-driver\3.8.2\mongodb-driver-3.8.2.jar;D:\tools\maven_repo\org\mongodb\bson\3.8.2\bson-3.8.2.jar;D:\tools\maven_repo\org\mongodb\mongodb-driver-core\3.8.2\mongodb-driver-core-3.8.2.jar;D:\tools\maven_repo\org\springframework\data\spring-data-mongodb\2.1.8.RELEASE\spring-data-mongodb-2.1.8.RELEASE.jar;D:\tools\maven_repo\org\springframework\boot\spring-boot-starter-data-redis\2.1.5.RELEASE\spring-boot-starter-data-redis-2.1.5.RELEASE.jar;D:\tools\maven_repo\org\springframework\data\spring-data-redis\2.1.8.RELEASE\spring-data-redis-2.1.8.RELEASE.jar;D:\tools\maven_repo\org\springframework\data\spring-data-keyvalue\2.1.8.RELEASE\spring-data-keyvalue-2.1.8.RELEASE.jar;D:\tools\maven_repo\org\springframework\spring-oxm\5.1.7.RELEASE\spring-oxm-5.1.7.RELEASE.jar;D:\tools\maven_repo\io\lettuce\lettuce-core\5.1.6.RELEASE\lettuce-core-5.1.6.RELEASE.jar;D:\tools\maven_repo\io\netty\netty-common\4.1.36.Final\netty-common-4.1.36.Final.jar;D:\tools\maven_repo\io\netty\netty-handler\4.1.36.Final\netty-handler-4.1.36.Final.jar;D:\tools\maven_repo\io\netty\netty-buffer\4.1.36.Final\netty-buffer-4.1.36.Final.jar;D:\tools\maven_repo\io\netty\netty-codec\4.1.36.Final\netty-codec-4.1.36.Final.jar;D:\tools\maven_repo\io\netty\netty-transport\4.1.36.Final\netty-transport-4.1.36.Final.jar;D:\tools\maven_repo\io\netty\netty-resolver\4.1.36.Final\netty-resolver-4.1.36.Final.jar;D:\tools\maven_repo\io\projectreactor\reactor-core\3.2.9.RELEASE\reactor-core-3.2.9.RELEASE.jar;D:\tools\maven_repo\org\reactivestreams\reactive-streams\1.0.2\reactive-streams-1.0.2.jar;D:\tools\maven_repo\org\apache\commons\commons-pool2\2.6.2\commons-pool2-2.6.2.jar;D:\tools\maven_repo\org\springframework\boot\spring-boot-starter-cache\2.1.5.RELEASE\spring-boot-starter-cache-2.1.5.RELEASE.jar;D:\tools\maven_repo\org\mybatis\mybatis-spring\2.0.1\mybatis-spring-2.0.1.jar;D:\tools\maven_repo\org\apache\curator\curator-framework\4.2.0\curator-framework-4.2.0.jar;D:\tools\maven_repo\org\apache\curator\curator-client\4.2.0\curator-client-4.2.0.jar;D:\tools\maven_repo\org\apache\curator\curator-recipes\4.2.0\curator-recipes-4.2.0.jar;D:\tools\maven_repo\com\luhuiguo\fastdfs-spring-boot-starter\0.2.0\fastdfs-spring-boot-starter-0.2.0.jar;D:\tools\maven_repo\com\luhuiguo\fastdfs-client\0.4.0\fastdfs-client-0.4.0.jar;D:\tools\maven_repo\org\slf4j\jcl-over-slf4j\1.7.26\jcl-over-slf4j-1.7.26.jar;D:\tools\maven_repo\io\searchbox\jest\6.3.1\jest-6.3.1.jar;D:\tools\maven_repo\io\searchbox\jest-common\6.3.1\jest-common-6.3.1.jar;D:\tools\maven_repo\org\apache\httpcomponents\httpcore-nio\4.4.11\httpcore-nio-4.4.11.jar;D:\tools\maven_repo\org\apache\httpcomponents\httpcore\4.4.11\httpcore-4.4.11.jar;D:\tools\maven_repo\org\apache\httpcomponents\httpclient\4.5.8\httpclient-4.5.8.jar;D:\tools\maven_repo\org\apache\httpcomponents\httpasyncclient\4.1.4\httpasyncclient-4.1.4.jar;D:\tools\maven_repo\org\slf4j\slf4j-api\1.7.26\slf4j-api-1.7.26.jar;D:\tools\maven_repo\org\elasticsearch\elasticsearch\7.2.0\elasticsearch-7.2.0.jar;D:\tools\maven_repo\org\elasticsearch\elasticsearch-core\7.2.0\elasticsearch-core-7.2.0.jar;D:\tools\maven_repo\org\elasticsearch\elasticsearch-secure-sm\7.2.0\elasticsearch-secure-sm-7.2.0.jar;D:\tools\maven_repo\org\elasticsearch\elasticsearch-x-content\7.2.0\elasticsearch-x-content-7.2.0.jar;D:\tools\maven_repo\com\fasterxml\jackson\dataformat\jackson-dataformat-smile\2.9.8\jackson-dataformat-smile-2.9.8.jar;D:\tools\maven_repo\com\fasterxml\jackson\dataformat\jackson-dataformat-yaml\2.9.8\jackson-dataformat-yaml-2.9.8.jar;D:\tools\maven_repo\org\elasticsearch\elasticsearch-geo\7.2.0\elasticsearch-geo-7.2.0.jar;D:\tools\maven_repo\org\apache\lucene\lucene-core\8.0.0\lucene-core-8.0.0.jar;D:\tools\maven_repo\org\apache\lucene\lucene-analyzers-common\8.0.0\lucene-analyzers-common-8.0.0.jar;D:\tools\maven_repo\org\apache\lucene\lucene-backward-codecs\8.0.0\lucene-backward-codecs-8.0.0.jar;D:\tools\maven_repo\org\apache\lucene\lucene-grouping\8.0.0\lucene-grouping-8.0.0.jar;D:\tools\maven_repo\org\apache\lucene\lucene-highlighter\8.0.0\lucene-highlighter-8.0.0.jar;D:\tools\maven_repo\org\apache\lucene\lucene-join\8.0.0\lucene-join-8.0.0.jar;D:\tools\maven_repo\org\apache\lucene\lucene-memory\8.0.0\lucene-memory-8.0.0.jar;D:\tools\maven_repo\org\apache\lucene\lucene-misc\8.0.0\lucene-misc-8.0.0.jar;D:\tools\maven_repo\org\apache\lucene\lucene-queries\8.0.0\lucene-queries-8.0.0.jar;D:\tools\maven_repo\org\apache\lucene\lucene-queryparser\8.0.0\lucene-queryparser-8.0.0.jar;D:\tools\maven_repo\org\apache\lucene\lucene-sandbox\8.0.0\lucene-sandbox-8.0.0.jar;D:\tools\maven_repo\org\apache\lucene\lucene-spatial\8.0.0\lucene-spatial-8.0.0.jar;D:\tools\maven_repo\org\apache\lucene\lucene-spatial-extras\8.0.0\lucene-spatial-extras-8.0.0.jar;D:\tools\maven_repo\org\apache\lucene\lucene-spatial3d\8.0.0\lucene-spatial3d-8.0.0.jar;D:\tools\maven_repo\org\apache\lucene\lucene-suggest\8.0.0\lucene-suggest-8.0.0.jar;D:\tools\maven_repo\org\elasticsearch\elasticsearch-cli\7.2.0\elasticsearch-cli-7.2.0.jar;D:\tools\maven_repo\net\sf\jopt-simple\jopt-simple\5.0.2\jopt-simple-5.0.2.jar;D:\tools\maven_repo\com\carrotsearch\hppc\0.7.1\hppc-0.7.1.jar;D:\tools\maven_repo\joda-time\joda-time\2.10.2\joda-time-2.10.2.jar;D:\tools\maven_repo\com\tdunning\t-digest\3.2\t-digest-3.2.jar;D:\tools\maven_repo\org\hdrhistogram\HdrHistogram\2.1.9\HdrHistogram-2.1.9.jar;D:\tools\maven_repo\org\apache\logging\log4j\log4j-api\2.11.2\log4j-api-2.11.2.jar;D:\tools\maven_repo\org\elasticsearch\jna\4.5.1\jna-4.5.1.jar;D:\tools\maven_repo\org\springframework\kafka\spring-kafka\2.2.7.RELEASE\spring-kafka-2.2.7.RELEASE.jar;D:\tools\maven_repo\org\springframework\spring-context\5.1.7.RELEASE\spring-context-5.1.7.RELEASE.jar;D:\tools\maven_repo\org\springframework\retry\spring-retry\1.2.4.RELEASE\spring-retry-1.2.4.RELEASE.jar;D:\tools\maven_repo\org\apache\kafka\kafka-clients\2.0.1\kafka-clients-2.0.1.jar;D:\tools\maven_repo\org\lz4\lz4-java\1.4.1\lz4-java-1.4.1.jar;D:\tools\maven_repo\org\xerial\snappy\snappy-java\1.1.7.1\snappy-java-1.1.7.1.jar;D:\tools\maven_repo\org\apache\kafka\kafka-streams\2.0.1\kafka-streams-2.0.1.jar;D:\tools\maven_repo\org\rocksdb\rocksdbjni\5.7.3\rocksdbjni-5.7.3.jar;D:\tools\maven_repo\org\quartz-scheduler\quartz\2.3.1\quartz-2.3.1.jar;D:\tools\maven_repo\com\mchange\mchange-commons-java\0.2.15\mchange-commons-java-0.2.15.jar;D:\tools\maven_repo\com\aliyun\aliyun-java-sdk-core\4.1.1\aliyun-java-sdk-core-4.1.1.jar;D:\tools\maven_repo\com\google\code\gson\gson\2.8.5\gson-2.8.5.jar;D:\tools\maven_repo\com\sun\xml\bind\jaxb-core\2.1.14\jaxb-core-2.1.14.jar;D:\tools\maven_repo\com\sun\xml\bind\jaxb-impl\2.1\jaxb-impl-2.1.jar;D:\tools\maven_repo\javax\activation\activation\1.1.1\activation-1.1.1.jar;D:\tools\maven_repo\com\aliyun\aliyun-java-sdk-green\3.4.1\aliyun-java-sdk-green-3.4.1.jar;D:\tools\maven_repo\com\aliyun\oss\aliyun-sdk-oss\2.8.3\aliyun-sdk-oss-2.8.3.jar;D:\tools\maven_repo\org\jdom\jdom\1.1\jdom-1.1.jar;D:\tools\maven_repo\org\apache\hbase\hbase-client\2.1.5\hbase-client-2.1.5.jar;D:\tools\maven_repo\org\apache\hbase\thirdparty\hbase-shaded-protobuf\2.1.0\hbase-shaded-protobuf-2.1.0.jar;D:\tools\maven_repo\org\apache\hbase\hbase-common\2.1.5\hbase-common-2.1.5.jar;D:\tools\maven_repo\com\github\stephenc\findbugs\findbugs-annotations\1.3.9-1\findbugs-annotations-1.3.9-1.jar;D:\tools\maven_repo\org\apache\hbase\hbase-hadoop-compat\2.1.5\hbase-hadoop-compat-2.1.5.jar;D:\tools\maven_repo\org\apache\hbase\hbase-metrics-api\2.1.5\hbase-metrics-api-2.1.5.jar;D:\tools\maven_repo\org\apache\hbase\hbase-hadoop2-compat\2.1.5\hbase-hadoop2-compat-2.1.5.jar;D:\tools\maven_repo\org\apache\hbase\hbase-metrics\2.1.5\hbase-metrics-2.1.5.jar;D:\tools\maven_repo\org\apache\hbase\hbase-protocol-shaded\2.1.5\hbase-protocol-shaded-2.1.5.jar;D:\tools\maven_repo\org\apache\hbase\hbase-protocol\2.1.5\hbase-protocol-2.1.5.jar;D:\tools\maven_repo\commons-io\commons-io\2.6\commons-io-2.6.jar;D:\tools\maven_repo\org\apache\hbase\thirdparty\hbase-shaded-miscellaneous\2.1.0\hbase-shaded-miscellaneous-2.1.0.jar;D:\tools\maven_repo\com\google\protobuf\protobuf-java\2.5.0\protobuf-java-2.5.0.jar;D:\tools\maven_repo\org\apache\hbase\thirdparty\hbase-shaded-netty\2.1.0\hbase-shaded-netty-2.1.0.jar;D:\tools\maven_repo\org\apache\zookeeper\zookeeper\3.4.10\zookeeper-3.4.10.jar;D:\tools\maven_repo\org\apache\htrace\htrace-core4\4.2.0-incubating\htrace-core4-4.2.0-incubating.jar;D:\tools\maven_repo\org\jruby\jcodings\jcodings\1.0.18\jcodings-1.0.18.jar;D:\tools\maven_repo\org\jruby\joni\joni\2.1.11\joni-2.1.11.jar;D:\tools\maven_repo\io\dropwizard\metrics\metrics-core\4.0.5\metrics-core-4.0.5.jar;D:\tools\maven_repo\org\apache\commons\commons-crypto\1.0.0\commons-crypto-1.0.0.jar;D:\tools\maven_repo\org\apache\hadoop\hadoop-auth\2.7.7\hadoop-auth-2.7.7.jar;D:\tools\maven_repo\org\apache\directory\server\apacheds-kerberos-codec\2.0.0-M15\apacheds-kerberos-codec-2.0.0-M15.jar;D:\tools\maven_repo\org\apache\directory\server\apacheds-i18n\2.0.0-M15\apacheds-i18n-2.0.0-M15.jar;D:\tools\maven_repo\org\apache\directory\api\api-asn1-api\1.0.0-M20\api-asn1-api-1.0.0-M20.jar;D:\tools\maven_repo\org\apache\directory\api\api-util\1.0.0-M20\api-util-1.0.0-M20.jar;D:\tools\maven_repo\org\apache\hadoop\hadoop-common\2.7.7\hadoop-common-2.7.7.jar;D:\tools\maven_repo\org\apache\hadoop\hadoop-annotations\2.7.7\hadoop-annotations-2.7.7.jar;D:\tools\java\jdk\jdk1.8.0_241\jre\..\lib\tools.jar;D:\tools\maven_repo\commons-cli\commons-cli\1.2\commons-cli-1.2.jar;D:\tools\maven_repo\org\apache\commons\commons-math3\3.1.1\commons-math3-3.1.1.jar;D:\tools\maven_repo\xmlenc\xmlenc\0.52\xmlenc-0.52.jar;D:\tools\maven_repo\commons-httpclient\commons-httpclient\3.1\commons-httpclient-3.1.jar;D:\tools\maven_repo\commons-net\commons-net\3.1\commons-net-3.1.jar;D:\tools\maven_repo\org\mortbay\jetty\jetty-sslengine\6.1.26\jetty-sslengine-6.1.26.jar;D:\tools\maven_repo\commons-lang\commons-lang\2.6\commons-lang-2.6.jar;D:\tools\maven_repo\commons-configuration\commons-configuration\1.6\commons-configuration-1.6.jar;D:\tools\maven_repo\commons-digester\commons-digester\1.8\commons-digester-1.8.jar;D:\tools\maven_repo\commons-beanutils\commons-beanutils-core\1.8.0\commons-beanutils-core-1.8.0.jar;D:\tools\maven_repo\org\codehaus\jackson\jackson-core-asl\1.9.13\jackson-core-asl-1.9.13.jar;D:\tools\maven_repo\org\codehaus\jackson\jackson-mapper-asl\1.9.13\jackson-mapper-asl-1.9.13.jar;D:\tools\maven_repo\org\apache\avro\avro\1.7.4\avro-1.7.4.jar;D:\tools\maven_repo\com\thoughtworks\paranamer\paranamer\2.3\paranamer-2.3.jar;D:\tools\maven_repo\com\jcraft\jsch\0.1.54\jsch-0.1.54.jar;D:\tools\maven_repo\com\google\code\findbugs\jsr305\3.0.0\jsr305-3.0.0.jar;D:\tools\maven_repo\org\apache\htrace\htrace-core\3.1.0-incubating\htrace-core-3.1.0-incubating.jar;D:\tools\maven_repo\org\apache\commons\commons-compress\1.4.1\commons-compress-1.4.1.jar;D:\tools\maven_repo\org\tukaani\xz\1.0\xz-1.0.jar;D:\tools\maven_repo\org\apache\yetus\audience-annotations\0.5.0\audience-annotations-0.5.0.jar;D:\tools\maven_repo\junit\junit\4.12\junit-4.12.jar;D:\tools\ideastudy\heima-leadnews\heima-leadnews-apis\target\heima-leadnews-apis-1.0-SNAPSHOT.jar;D:\tools\maven_repo\org\springframework\boot\spring-boot-starter-web\2.1.5.RELEASE\spring-boot-starter-web-2.1.5.RELEASE.jar;D:\tools\maven_repo\org\springframework\boot\spring-boot-starter-json\2.1.5.RELEASE\spring-boot-starter-json-2.1.5.RELEASE.jar;D:\tools\maven_repo\com\fasterxml\jackson\datatype\jackson-datatype-jdk8\2.9.8\jackson-datatype-jdk8-2.9.8.jar;D:\tools\maven_repo\com\fasterxml\jackson\datatype\jackson-datatype-jsr310\2.9.8\jackson-datatype-jsr310-2.9.8.jar;D:\tools\maven_repo\com\fasterxml\jackson\module\jackson-module-parameter-names\2.9.8\jackson-module-parameter-names-2.9.8.jar;D:\tools\maven_repo\org\springframework\boot\spring-boot-starter-tomcat\2.1.5.RELEASE\spring-boot-starter-tomcat-2.1.5.RELEASE.jar;D:\tools\maven_repo\org\apache\tomcat\embed\tomcat-embed-core\9.0.19\tomcat-embed-core-9.0.19.jar;D:\tools\maven_repo\org\apache\tomcat\embed\tomcat-embed-el\9.0.19\tomcat-embed-el-9.0.19.jar;D:\tools\maven_repo\org\apache\tomcat\embed\tomcat-embed-websocket\9.0.19\tomcat-embed-websocket-9.0.19.jar;D:\tools\maven_repo\org\hibernate\validator\hibernate-validator\6.0.16.Final\hibernate-validator-6.0.16.Final.jar;D:\tools\maven_repo\javax\validation\validation-api\2.0.1.Final\validation-api-2.0.1.Final.jar;D:\tools\maven_repo\org\jboss\logging\jboss-logging\3.3.2.Final\jboss-logging-3.3.2.Final.jar;D:\tools\maven_repo\com\fasterxml\classmate\1.4.0\classmate-1.4.0.jar;D:\tools\maven_repo\org\springframework\spring-web\5.1.7.RELEASE\spring-web-5.1.7.RELEASE.jar;D:\tools\maven_repo\org\springframework\spring-beans\5.1.7.RELEASE\spring-beans-5.1.7.RELEASE.jar;D:\tools\maven_repo\org\springframework\spring-webmvc\5.1.7.RELEASE\spring-webmvc-5.1.7.RELEASE.jar;D:\tools\maven_repo\org\springframework\spring-expression\5.1.7.RELEASE\spring-expression-5.1.7.RELEASE.jar;D:\tools\maven_repo\org\springframework\boot\spring-boot-starter-test\2.1.5.RELEASE\spring-boot-starter-test-2.1.5.RELEASE.jar;D:\tools\maven_repo\org\springframework\boot\spring-boot-test-autoconfigure\2.1.5.RELEASE\spring-boot-test-autoconfigure-2.1.5.RELEASE.jar;D:\tools\maven_repo\com\jayway\jsonpath\json-path\2.4.0\json-path-2.4.0.jar;D:\tools\maven_repo\net\minidev\json-smart\2.3\json-smart-2.3.jar;D:\tools\maven_repo\net\minidev\accessors-smart\1.2\accessors-smart-1.2.jar;D:\tools\maven_repo\org\ow2\asm\asm\5.0.4\asm-5.0.4.jar;D:\tools\maven_repo\org\assertj\assertj-core\3.11.1\assertj-core-3.11.1.jar;D:\tools\maven_repo\org\mockito\mockito-core\2.23.4\mockito-core-2.23.4.jar;D:\tools\maven_repo\net\bytebuddy\byte-buddy\1.9.12\byte-buddy-1.9.12.jar;D:\tools\maven_repo\net\bytebuddy\byte-buddy-agent\1.9.12\byte-buddy-agent-1.9.12.jar;D:\tools\maven_repo\org\objenesis\objenesis\2.6\objenesis-2.6.jar;D:\tools\maven_repo\org\hamcrest\hamcrest-core\1.3\hamcrest-core-1.3.jar;D:\tools\maven_repo\org\hamcrest\hamcrest-library\1.3\hamcrest-library-1.3.jar;D:\tools\maven_repo\org\skyscreamer\jsonassert\1.5.0\jsonassert-1.5.0.jar;D:\tools\maven_repo\com\vaadin\external\google\android-json\0.0.20131108.vaadin1\android-json-0.0.20131108.vaadin1.jar;D:\tools\maven_repo\org\springframework\spring-core\5.1.7.RELEASE\spring-core-5.1.7.RELEASE.jar;D:\tools\maven_repo\org\springframework\spring-jcl\5.1.7.RELEASE\spring-jcl-5.1.7.RELEASE.jar;D:\tools\maven_repo\org\springframework\spring-test\5.1.7.RELEASE\spring-test-5.1.7.RELEASE.jar;D:\tools\maven_repo\org\xmlunit\xmlunit-core\2.6.2\xmlunit-core-2.6.2.jar;D:\tools\maven_repo\org\jsoup\jsoup\1.10.2\jsoup-1.10.2.jar;D:\tools\maven_repo\com\fasterxml\jackson\dataformat\jackson-dataformat-cbor\2.9.9\jackson-dataformat-cbor-2.9.9.jar;D:\tools\maven_repo\com\fasterxml\jackson\core\jackson-core\2.9.8\jackson-core-2.9.8.jar;D:\tools\maven_repo\com\fasterxml\jackson\dataformat\jackson-dataformat-xml\2.9.9\jackson-dataformat-xml-2.9.9.jar;D:\tools\maven_repo\com\fasterxml\jackson\core\jackson-annotations\2.9.0\jackson-annotations-2.9.0.jar;D:\tools\maven_repo\com\fasterxml\jackson\core\jackson-databind\2.9.8\jackson-databind-2.9.8.jar;D:\tools\maven_repo\com\fasterxml\jackson\module\jackson-module-jaxb-annotations\2.9.8\jackson-module-jaxb-annotations-2.9.8.jar;D:\tools\maven_repo\org\codehaus\woodstox\stax2-api\3.1.4\stax2-api-3.1.4.jar;D:\tools\maven_repo\com\fasterxml\woodstox\woodstox-core\5.1.0\woodstox-core-5.1.0.jar;D:\tools\maven_repo\org\springframework\boot\spring-boot-starter-log4j2\2.1.5.RELEASE\spring-boot-starter-log4j2-2.1.5.RELEASE.jar;D:\tools\maven_repo\org\apache\logging\log4j\log4j-slf4j-impl\2.11.2\log4j-slf4j-impl-2.11.2.jar;D:\tools\maven_repo\org\apache\logging\log4j\log4j-core\2.11.2\log4j-core-2.11.2.jar;D:\tools\maven_repo\org\apache\logging\log4j\log4j-jul\2.11.2\log4j-jul-2.11.2.jar;D:\tools\maven_repo\org\slf4j\jul-to-slf4j\1.7.26\jul-to-slf4j-1.7.26.jar;D:\tools\maven_repo\org\projectlombok\lombok\1.18.8\lombok-1.18.8.jar;"/>
    <property name="java.vm.vendor" value="Oracle Corporation"/>
    <property name="sun.arch.data.model" value="64"/>
    <property name="user.variant" value=""/>
    <property name="java.vendor.url" value="http://java.oracle.com/"/>
    <property name="user.timezone" value="GMT+08:00"/>
    <property name="java.vm.specification.version" value="1.8"/>
    <property name="os.name" value="Windows 10"/>
    <property name="user.country" value="CN"/>
    <property name="sun.java.launcher" value="SUN_STANDARD"/>
    <property name="sun.boot.library.path" value="D:\tools\java\jdk\jdk1.8.0_241\jre\bin"/>
    <property name="sun.java.command" value="C:\Users\24321\AppData\Local\Temp\surefire5354949746165911261\surefirebooter4286445950559597827.jar C:\Users\24321\AppData\Local\Temp\surefire5354949746165911261 2020-04-11T14-20-57_527-jvmRun1 surefire6935991914526025933tmp surefire_09213600699504062518tmp"/>
    <property name="surefire.test.class.path" value="D:\tools\ideastudy\heima-leadnews\heima-leadnews-article\target\test-classes;D:\tools\ideastudy\heima-leadnews\heima-leadnews-article\target\classes;D:\tools\ideastudy\heima-leadnews\heima-leadnews-model\target\heima-leadnews-model-1.0-SNAPSHOT.jar;D:\tools\maven_repo\org\springframework\boot\spring-boot-starter-data-jpa\2.1.5.RELEASE\spring-boot-starter-data-jpa-2.1.5.RELEASE.jar;D:\tools\maven_repo\javax\transaction\javax.transaction-api\1.3\javax.transaction-api-1.3.jar;D:\tools\maven_repo\javax\xml\bind\jaxb-api\2.3.1\jaxb-api-2.3.1.jar;D:\tools\maven_repo\javax\activation\javax.activation-api\1.2.0\javax.activation-api-1.2.0.jar;D:\tools\maven_repo\org\hibernate\hibernate-core\5.3.10.Final\hibernate-core-5.3.10.Final.jar;D:\tools\maven_repo\javax\persistence\javax.persistence-api\2.2\javax.persistence-api-2.2.jar;D:\tools\maven_repo\antlr\antlr\2.7.7\antlr-2.7.7.jar;D:\tools\maven_repo\org\jboss\jandex\2.0.5.Final\jandex-2.0.5.Final.jar;D:\tools\maven_repo\org\dom4j\dom4j\2.1.1\dom4j-2.1.1.jar;D:\tools\maven_repo\org\hibernate\common\hibernate-commons-annotations\5.0.4.Final\hibernate-commons-annotations-5.0.4.Final.jar;D:\tools\maven_repo\org\springframework\data\spring-data-jpa\2.1.8.RELEASE\spring-data-jpa-2.1.8.RELEASE.jar;D:\tools\maven_repo\org\springframework\data\spring-data-commons\2.1.8.RELEASE\spring-data-commons-2.1.8.RELEASE.jar;D:\tools\maven_repo\org\springframework\spring-orm\5.1.7.RELEASE\spring-orm-5.1.7.RELEASE.jar;D:\tools\maven_repo\org\springframework\spring-aspects\5.1.7.RELEASE\spring-aspects-5.1.7.RELEASE.jar;D:\tools\maven_repo\mysql\mysql-connector-java\5.1.47\mysql-connector-java-5.1.47.jar;D:\tools\maven_repo\org\mybatis\mybatis\3.5.1\mybatis-3.5.1.jar;D:\tools\maven_repo\org\apache\commons\commons-lang3\3.5\commons-lang3-3.5.jar;D:\tools\ideastudy\heima-leadnews\heima-leadnews-common\target\heima-leadnews-common-1.0-SNAPSHOT.jar;D:\tools\ideastudy\heima-leadnews\heima-leadnews-utils\target\heima-leadnews-utils-1.0-SNAPSHOT.jar;D:\tools\maven_repo\commons-codec\commons-codec\1.12\commons-codec-1.12.jar;D:\tools\maven_repo\com\alibaba\fastjson\1.2.58\fastjson-1.2.58.jar;D:\tools\maven_repo\io\jsonwebtoken\jjwt\0.9.1\jjwt-0.9.1.jar;D:\tools\maven_repo\com\hankcs\hanlp\portable-1.3.4\hanlp-portable-1.3.4.jar;D:\tools\maven_repo\commons-beanutils\commons-beanutils\1.9.3\commons-beanutils-1.9.3.jar;D:\tools\maven_repo\commons-logging\commons-logging\1.2\commons-logging-1.2.jar;D:\tools\maven_repo\commons-collections\commons-collections\3.2.2\commons-collections-3.2.2.jar;D:\tools\maven_repo\org\reflections\reflections\0.9.11\reflections-0.9.11.jar;D:\tools\maven_repo\com\google\guava\guava\20.0\guava-20.0.jar;D:\tools\maven_repo\org\javassist\javassist\3.21.0-GA\javassist-3.21.0-GA.jar;D:\tools\maven_repo\org\springframework\boot\spring-boot-starter-jdbc\2.1.5.RELEASE\spring-boot-starter-jdbc-2.1.5.RELEASE.jar;D:\tools\maven_repo\com\zaxxer\HikariCP\3.2.0\HikariCP-3.2.0.jar;D:\tools\maven_repo\org\springframework\spring-jdbc\5.1.7.RELEASE\spring-jdbc-5.1.7.RELEASE.jar;D:\tools\maven_repo\org\springframework\boot\spring-boot-starter-quartz\2.1.5.RELEASE\spring-boot-starter-quartz-2.1.5.RELEASE.jar;D:\tools\maven_repo\org\springframework\spring-context-support\5.1.7.RELEASE\spring-context-support-5.1.7.RELEASE.jar;D:\tools\maven_repo\org\springframework\spring-tx\5.1.7.RELEASE\spring-tx-5.1.7.RELEASE.jar;D:\tools\maven_repo\org\springframework\boot\spring-boot-starter-websocket\2.1.5.RELEASE\spring-boot-starter-websocket-2.1.5.RELEASE.jar;D:\tools\maven_repo\org\springframework\spring-messaging\5.1.7.RELEASE\spring-messaging-5.1.7.RELEASE.jar;D:\tools\maven_repo\org\springframework\spring-websocket\5.1.7.RELEASE\spring-websocket-5.1.7.RELEASE.jar;D:\tools\maven_repo\org\springframework\boot\spring-boot-starter-aop\2.1.5.RELEASE\spring-boot-starter-aop-2.1.5.RELEASE.jar;D:\tools\maven_repo\org\springframework\spring-aop\5.1.7.RELEASE\spring-aop-5.1.7.RELEASE.jar;D:\tools\maven_repo\org\aspectj\aspectjweaver\1.9.4\aspectjweaver-1.9.4.jar;D:\tools\maven_repo\org\springframework\boot\spring-boot-test\2.1.5.RELEASE\spring-boot-test-2.1.5.RELEASE.jar;D:\tools\maven_repo\org\springframework\boot\spring-boot\2.1.5.RELEASE\spring-boot-2.1.5.RELEASE.jar;D:\tools\maven_repo\org\springframework\boot\spring-boot-starter\2.1.5.RELEASE\spring-boot-starter-2.1.5.RELEASE.jar;D:\tools\maven_repo\org\springframework\boot\spring-boot-autoconfigure\2.1.5.RELEASE\spring-boot-autoconfigure-2.1.5.RELEASE.jar;D:\tools\maven_repo\javax\annotation\javax.annotation-api\1.3.2\javax.annotation-api-1.3.2.jar;D:\tools\maven_repo\org\yaml\snakeyaml\1.23\snakeyaml-1.23.jar;D:\tools\maven_repo\org\springframework\boot\spring-boot-starter-actuator\2.1.5.RELEASE\spring-boot-starter-actuator-2.1.5.RELEASE.jar;D:\tools\maven_repo\org\springframework\boot\spring-boot-actuator-autoconfigure\2.1.5.RELEASE\spring-boot-actuator-autoconfigure-2.1.5.RELEASE.jar;D:\tools\maven_repo\org\springframework\boot\spring-boot-actuator\2.1.5.RELEASE\spring-boot-actuator-2.1.5.RELEASE.jar;D:\tools\maven_repo\io\micrometer\micrometer-core\1.1.4\micrometer-core-1.1.4.jar;D:\tools\maven_repo\org\latencyutils\LatencyUtils\2.0.3\LatencyUtils-2.0.3.jar;D:\tools\maven_repo\org\springframework\boot\spring-boot-starter-data-mongodb\2.1.5.RELEASE\spring-boot-starter-data-mongodb-2.1.5.RELEASE.jar;D:\tools\maven_repo\org\mongodb\mongodb-driver\3.8.2\mongodb-driver-3.8.2.jar;D:\tools\maven_repo\org\mongodb\bson\3.8.2\bson-3.8.2.jar;D:\tools\maven_repo\org\mongodb\mongodb-driver-core\3.8.2\mongodb-driver-core-3.8.2.jar;D:\tools\maven_repo\org\springframework\data\spring-data-mongodb\2.1.8.RELEASE\spring-data-mongodb-2.1.8.RELEASE.jar;D:\tools\maven_repo\org\springframework\boot\spring-boot-starter-data-redis\2.1.5.RELEASE\spring-boot-starter-data-redis-2.1.5.RELEASE.jar;D:\tools\maven_repo\org\springframework\data\spring-data-redis\2.1.8.RELEASE\spring-data-redis-2.1.8.RELEASE.jar;D:\tools\maven_repo\org\springframework\data\spring-data-keyvalue\2.1.8.RELEASE\spring-data-keyvalue-2.1.8.RELEASE.jar;D:\tools\maven_repo\org\springframework\spring-oxm\5.1.7.RELEASE\spring-oxm-5.1.7.RELEASE.jar;D:\tools\maven_repo\io\lettuce\lettuce-core\5.1.6.RELEASE\lettuce-core-5.1.6.RELEASE.jar;D:\tools\maven_repo\io\netty\netty-common\4.1.36.Final\netty-common-4.1.36.Final.jar;D:\tools\maven_repo\io\netty\netty-handler\4.1.36.Final\netty-handler-4.1.36.Final.jar;D:\tools\maven_repo\io\netty\netty-buffer\4.1.36.Final\netty-buffer-4.1.36.Final.jar;D:\tools\maven_repo\io\netty\netty-codec\4.1.36.Final\netty-codec-4.1.36.Final.jar;D:\tools\maven_repo\io\netty\netty-transport\4.1.36.Final\netty-transport-4.1.36.Final.jar;D:\tools\maven_repo\io\netty\netty-resolver\4.1.36.Final\netty-resolver-4.1.36.Final.jar;D:\tools\maven_repo\io\projectreactor\reactor-core\3.2.9.RELEASE\reactor-core-3.2.9.RELEASE.jar;D:\tools\maven_repo\org\reactivestreams\reactive-streams\1.0.2\reactive-streams-1.0.2.jar;D:\tools\maven_repo\org\apache\commons\commons-pool2\2.6.2\commons-pool2-2.6.2.jar;D:\tools\maven_repo\org\springframework\boot\spring-boot-starter-cache\2.1.5.RELEASE\spring-boot-starter-cache-2.1.5.RELEASE.jar;D:\tools\maven_repo\org\mybatis\mybatis-spring\2.0.1\mybatis-spring-2.0.1.jar;D:\tools\maven_repo\org\apache\curator\curator-framework\4.2.0\curator-framework-4.2.0.jar;D:\tools\maven_repo\org\apache\curator\curator-client\4.2.0\curator-client-4.2.0.jar;D:\tools\maven_repo\org\apache\curator\curator-recipes\4.2.0\curator-recipes-4.2.0.jar;D:\tools\maven_repo\com\luhuiguo\fastdfs-spring-boot-starter\0.2.0\fastdfs-spring-boot-starter-0.2.0.jar;D:\tools\maven_repo\com\luhuiguo\fastdfs-client\0.4.0\fastdfs-client-0.4.0.jar;D:\tools\maven_repo\org\slf4j\jcl-over-slf4j\1.7.26\jcl-over-slf4j-1.7.26.jar;D:\tools\maven_repo\io\searchbox\jest\6.3.1\jest-6.3.1.jar;D:\tools\maven_repo\io\searchbox\jest-common\6.3.1\jest-common-6.3.1.jar;D:\tools\maven_repo\org\apache\httpcomponents\httpcore-nio\4.4.11\httpcore-nio-4.4.11.jar;D:\tools\maven_repo\org\apache\httpcomponents\httpcore\4.4.11\httpcore-4.4.11.jar;D:\tools\maven_repo\org\apache\httpcomponents\httpclient\4.5.8\httpclient-4.5.8.jar;D:\tools\maven_repo\org\apache\httpcomponents\httpasyncclient\4.1.4\httpasyncclient-4.1.4.jar;D:\tools\maven_repo\org\slf4j\slf4j-api\1.7.26\slf4j-api-1.7.26.jar;D:\tools\maven_repo\org\elasticsearch\elasticsearch\7.2.0\elasticsearch-7.2.0.jar;D:\tools\maven_repo\org\elasticsearch\elasticsearch-core\7.2.0\elasticsearch-core-7.2.0.jar;D:\tools\maven_repo\org\elasticsearch\elasticsearch-secure-sm\7.2.0\elasticsearch-secure-sm-7.2.0.jar;D:\tools\maven_repo\org\elasticsearch\elasticsearch-x-content\7.2.0\elasticsearch-x-content-7.2.0.jar;D:\tools\maven_repo\com\fasterxml\jackson\dataformat\jackson-dataformat-smile\2.9.8\jackson-dataformat-smile-2.9.8.jar;D:\tools\maven_repo\com\fasterxml\jackson\dataformat\jackson-dataformat-yaml\2.9.8\jackson-dataformat-yaml-2.9.8.jar;D:\tools\maven_repo\org\elasticsearch\elasticsearch-geo\7.2.0\elasticsearch-geo-7.2.0.jar;D:\tools\maven_repo\org\apache\lucene\lucene-core\8.0.0\lucene-core-8.0.0.jar;D:\tools\maven_repo\org\apache\lucene\lucene-analyzers-common\8.0.0\lucene-analyzers-common-8.0.0.jar;D:\tools\maven_repo\org\apache\lucene\lucene-backward-codecs\8.0.0\lucene-backward-codecs-8.0.0.jar;D:\tools\maven_repo\org\apache\lucene\lucene-grouping\8.0.0\lucene-grouping-8.0.0.jar;D:\tools\maven_repo\org\apache\lucene\lucene-highlighter\8.0.0\lucene-highlighter-8.0.0.jar;D:\tools\maven_repo\org\apache\lucene\lucene-join\8.0.0\lucene-join-8.0.0.jar;D:\tools\maven_repo\org\apache\lucene\lucene-memory\8.0.0\lucene-memory-8.0.0.jar;D:\tools\maven_repo\org\apache\lucene\lucene-misc\8.0.0\lucene-misc-8.0.0.jar;D:\tools\maven_repo\org\apache\lucene\lucene-queries\8.0.0\lucene-queries-8.0.0.jar;D:\tools\maven_repo\org\apache\lucene\lucene-queryparser\8.0.0\lucene-queryparser-8.0.0.jar;D:\tools\maven_repo\org\apache\lucene\lucene-sandbox\8.0.0\lucene-sandbox-8.0.0.jar;D:\tools\maven_repo\org\apache\lucene\lucene-spatial\8.0.0\lucene-spatial-8.0.0.jar;D:\tools\maven_repo\org\apache\lucene\lucene-spatial-extras\8.0.0\lucene-spatial-extras-8.0.0.jar;D:\tools\maven_repo\org\apache\lucene\lucene-spatial3d\8.0.0\lucene-spatial3d-8.0.0.jar;D:\tools\maven_repo\org\apache\lucene\lucene-suggest\8.0.0\lucene-suggest-8.0.0.jar;D:\tools\maven_repo\org\elasticsearch\elasticsearch-cli\7.2.0\elasticsearch-cli-7.2.0.jar;D:\tools\maven_repo\net\sf\jopt-simple\jopt-simple\5.0.2\jopt-simple-5.0.2.jar;D:\tools\maven_repo\com\carrotsearch\hppc\0.7.1\hppc-0.7.1.jar;D:\tools\maven_repo\joda-time\joda-time\2.10.2\joda-time-2.10.2.jar;D:\tools\maven_repo\com\tdunning\t-digest\3.2\t-digest-3.2.jar;D:\tools\maven_repo\org\hdrhistogram\HdrHistogram\2.1.9\HdrHistogram-2.1.9.jar;D:\tools\maven_repo\org\apache\logging\log4j\log4j-api\2.11.2\log4j-api-2.11.2.jar;D:\tools\maven_repo\org\elasticsearch\jna\4.5.1\jna-4.5.1.jar;D:\tools\maven_repo\org\springframework\kafka\spring-kafka\2.2.7.RELEASE\spring-kafka-2.2.7.RELEASE.jar;D:\tools\maven_repo\org\springframework\spring-context\5.1.7.RELEASE\spring-context-5.1.7.RELEASE.jar;D:\tools\maven_repo\org\springframework\retry\spring-retry\1.2.4.RELEASE\spring-retry-1.2.4.RELEASE.jar;D:\tools\maven_repo\org\apache\kafka\kafka-clients\2.0.1\kafka-clients-2.0.1.jar;D:\tools\maven_repo\org\lz4\lz4-java\1.4.1\lz4-java-1.4.1.jar;D:\tools\maven_repo\org\xerial\snappy\snappy-java\1.1.7.1\snappy-java-1.1.7.1.jar;D:\tools\maven_repo\org\apache\kafka\kafka-streams\2.0.1\kafka-streams-2.0.1.jar;D:\tools\maven_repo\org\rocksdb\rocksdbjni\5.7.3\rocksdbjni-5.7.3.jar;D:\tools\maven_repo\org\quartz-scheduler\quartz\2.3.1\quartz-2.3.1.jar;D:\tools\maven_repo\com\mchange\mchange-commons-java\0.2.15\mchange-commons-java-0.2.15.jar;D:\tools\maven_repo\com\aliyun\aliyun-java-sdk-core\4.1.1\aliyun-java-sdk-core-4.1.1.jar;D:\tools\maven_repo\com\google\code\gson\gson\2.8.5\gson-2.8.5.jar;D:\tools\maven_repo\com\sun\xml\bind\jaxb-core\2.1.14\jaxb-core-2.1.14.jar;D:\tools\maven_repo\com\sun\xml\bind\jaxb-impl\2.1\jaxb-impl-2.1.jar;D:\tools\maven_repo\javax\activation\activation\1.1.1\activation-1.1.1.jar;D:\tools\maven_repo\com\aliyun\aliyun-java-sdk-green\3.4.1\aliyun-java-sdk-green-3.4.1.jar;D:\tools\maven_repo\com\aliyun\oss\aliyun-sdk-oss\2.8.3\aliyun-sdk-oss-2.8.3.jar;D:\tools\maven_repo\org\jdom\jdom\1.1\jdom-1.1.jar;D:\tools\maven_repo\org\apache\hbase\hbase-client\2.1.5\hbase-client-2.1.5.jar;D:\tools\maven_repo\org\apache\hbase\thirdparty\hbase-shaded-protobuf\2.1.0\hbase-shaded-protobuf-2.1.0.jar;D:\tools\maven_repo\org\apache\hbase\hbase-common\2.1.5\hbase-common-2.1.5.jar;D:\tools\maven_repo\com\github\stephenc\findbugs\findbugs-annotations\1.3.9-1\findbugs-annotations-1.3.9-1.jar;D:\tools\maven_repo\org\apache\hbase\hbase-hadoop-compat\2.1.5\hbase-hadoop-compat-2.1.5.jar;D:\tools\maven_repo\org\apache\hbase\hbase-metrics-api\2.1.5\hbase-metrics-api-2.1.5.jar;D:\tools\maven_repo\org\apache\hbase\hbase-hadoop2-compat\2.1.5\hbase-hadoop2-compat-2.1.5.jar;D:\tools\maven_repo\org\apache\hbase\hbase-metrics\2.1.5\hbase-metrics-2.1.5.jar;D:\tools\maven_repo\org\apache\hbase\hbase-protocol-shaded\2.1.5\hbase-protocol-shaded-2.1.5.jar;D:\tools\maven_repo\org\apache\hbase\hbase-protocol\2.1.5\hbase-protocol-2.1.5.jar;D:\tools\maven_repo\commons-io\commons-io\2.6\commons-io-2.6.jar;D:\tools\maven_repo\org\apache\hbase\thirdparty\hbase-shaded-miscellaneous\2.1.0\hbase-shaded-miscellaneous-2.1.0.jar;D:\tools\maven_repo\com\google\protobuf\protobuf-java\2.5.0\protobuf-java-2.5.0.jar;D:\tools\maven_repo\org\apache\hbase\thirdparty\hbase-shaded-netty\2.1.0\hbase-shaded-netty-2.1.0.jar;D:\tools\maven_repo\org\apache\zookeeper\zookeeper\3.4.10\zookeeper-3.4.10.jar;D:\tools\maven_repo\org\apache\htrace\htrace-core4\4.2.0-incubating\htrace-core4-4.2.0-incubating.jar;D:\tools\maven_repo\org\jruby\jcodings\jcodings\1.0.18\jcodings-1.0.18.jar;D:\tools\maven_repo\org\jruby\joni\joni\2.1.11\joni-2.1.11.jar;D:\tools\maven_repo\io\dropwizard\metrics\metrics-core\4.0.5\metrics-core-4.0.5.jar;D:\tools\maven_repo\org\apache\commons\commons-crypto\1.0.0\commons-crypto-1.0.0.jar;D:\tools\maven_repo\org\apache\hadoop\hadoop-auth\2.7.7\hadoop-auth-2.7.7.jar;D:\tools\maven_repo\org\apache\directory\server\apacheds-kerberos-codec\2.0.0-M15\apacheds-kerberos-codec-2.0.0-M15.jar;D:\tools\maven_repo\org\apache\directory\server\apacheds-i18n\2.0.0-M15\apacheds-i18n-2.0.0-M15.jar;D:\tools\maven_repo\org\apache\directory\api\api-asn1-api\1.0.0-M20\api-asn1-api-1.0.0-M20.jar;D:\tools\maven_repo\org\apache\directory\api\api-util\1.0.0-M20\api-util-1.0.0-M20.jar;D:\tools\maven_repo\org\apache\hadoop\hadoop-common\2.7.7\hadoop-common-2.7.7.jar;D:\tools\maven_repo\org\apache\hadoop\hadoop-annotations\2.7.7\hadoop-annotations-2.7.7.jar;D:\tools\java\jdk\jdk1.8.0_241\jre\..\lib\tools.jar;D:\tools\maven_repo\commons-cli\commons-cli\1.2\commons-cli-1.2.jar;D:\tools\maven_repo\org\apache\commons\commons-math3\3.1.1\commons-math3-3.1.1.jar;D:\tools\maven_repo\xmlenc\xmlenc\0.52\xmlenc-0.52.jar;D:\tools\maven_repo\commons-httpclient\commons-httpclient\3.1\commons-httpclient-3.1.jar;D:\tools\maven_repo\commons-net\commons-net\3.1\commons-net-3.1.jar;D:\tools\maven_repo\org\mortbay\jetty\jetty-sslengine\6.1.26\jetty-sslengine-6.1.26.jar;D:\tools\maven_repo\commons-lang\commons-lang\2.6\commons-lang-2.6.jar;D:\tools\maven_repo\commons-configuration\commons-configuration\1.6\commons-configuration-1.6.jar;D:\tools\maven_repo\commons-digester\commons-digester\1.8\commons-digester-1.8.jar;D:\tools\maven_repo\commons-beanutils\commons-beanutils-core\1.8.0\commons-beanutils-core-1.8.0.jar;D:\tools\maven_repo\org\codehaus\jackson\jackson-core-asl\1.9.13\jackson-core-asl-1.9.13.jar;D:\tools\maven_repo\org\codehaus\jackson\jackson-mapper-asl\1.9.13\jackson-mapper-asl-1.9.13.jar;D:\tools\maven_repo\org\apache\avro\avro\1.7.4\avro-1.7.4.jar;D:\tools\maven_repo\com\thoughtworks\paranamer\paranamer\2.3\paranamer-2.3.jar;D:\tools\maven_repo\com\jcraft\jsch\0.1.54\jsch-0.1.54.jar;D:\tools\maven_repo\com\google\code\findbugs\jsr305\3.0.0\jsr305-3.0.0.jar;D:\tools\maven_repo\org\apache\htrace\htrace-core\3.1.0-incubating\htrace-core-3.1.0-incubating.jar;D:\tools\maven_repo\org\apache\commons\commons-compress\1.4.1\commons-compress-1.4.1.jar;D:\tools\maven_repo\org\tukaani\xz\1.0\xz-1.0.jar;D:\tools\maven_repo\org\apache\yetus\audience-annotations\0.5.0\audience-annotations-0.5.0.jar;D:\tools\maven_repo\junit\junit\4.12\junit-4.12.jar;D:\tools\ideastudy\heima-leadnews\heima-leadnews-apis\target\heima-leadnews-apis-1.0-SNAPSHOT.jar;D:\tools\maven_repo\org\springframework\boot\spring-boot-starter-web\2.1.5.RELEASE\spring-boot-starter-web-2.1.5.RELEASE.jar;D:\tools\maven_repo\org\springframework\boot\spring-boot-starter-json\2.1.5.RELEASE\spring-boot-starter-json-2.1.5.RELEASE.jar;D:\tools\maven_repo\com\fasterxml\jackson\datatype\jackson-datatype-jdk8\2.9.8\jackson-datatype-jdk8-2.9.8.jar;D:\tools\maven_repo\com\fasterxml\jackson\datatype\jackson-datatype-jsr310\2.9.8\jackson-datatype-jsr310-2.9.8.jar;D:\tools\maven_repo\com\fasterxml\jackson\module\jackson-module-parameter-names\2.9.8\jackson-module-parameter-names-2.9.8.jar;D:\tools\maven_repo\org\springframework\boot\spring-boot-starter-tomcat\2.1.5.RELEASE\spring-boot-starter-tomcat-2.1.5.RELEASE.jar;D:\tools\maven_repo\org\apache\tomcat\embed\tomcat-embed-core\9.0.19\tomcat-embed-core-9.0.19.jar;D:\tools\maven_repo\org\apache\tomcat\embed\tomcat-embed-el\9.0.19\tomcat-embed-el-9.0.19.jar;D:\tools\maven_repo\org\apache\tomcat\embed\tomcat-embed-websocket\9.0.19\tomcat-embed-websocket-9.0.19.jar;D:\tools\maven_repo\org\hibernate\validator\hibernate-validator\6.0.16.Final\hibernate-validator-6.0.16.Final.jar;D:\tools\maven_repo\javax\validation\validation-api\2.0.1.Final\validation-api-2.0.1.Final.jar;D:\tools\maven_repo\org\jboss\logging\jboss-logging\3.3.2.Final\jboss-logging-3.3.2.Final.jar;D:\tools\maven_repo\com\fasterxml\classmate\1.4.0\classmate-1.4.0.jar;D:\tools\maven_repo\org\springframework\spring-web\5.1.7.RELEASE\spring-web-5.1.7.RELEASE.jar;D:\tools\maven_repo\org\springframework\spring-beans\5.1.7.RELEASE\spring-beans-5.1.7.RELEASE.jar;D:\tools\maven_repo\org\springframework\spring-webmvc\5.1.7.RELEASE\spring-webmvc-5.1.7.RELEASE.jar;D:\tools\maven_repo\org\springframework\spring-expression\5.1.7.RELEASE\spring-expression-5.1.7.RELEASE.jar;D:\tools\maven_repo\org\springframework\boot\spring-boot-starter-test\2.1.5.RELEASE\spring-boot-starter-test-2.1.5.RELEASE.jar;D:\tools\maven_repo\org\springframework\boot\spring-boot-test-autoconfigure\2.1.5.RELEASE\spring-boot-test-autoconfigure-2.1.5.RELEASE.jar;D:\tools\maven_repo\com\jayway\jsonpath\json-path\2.4.0\json-path-2.4.0.jar;D:\tools\maven_repo\net\minidev\json-smart\2.3\json-smart-2.3.jar;D:\tools\maven_repo\net\minidev\accessors-smart\1.2\accessors-smart-1.2.jar;D:\tools\maven_repo\org\ow2\asm\asm\5.0.4\asm-5.0.4.jar;D:\tools\maven_repo\org\assertj\assertj-core\3.11.1\assertj-core-3.11.1.jar;D:\tools\maven_repo\org\mockito\mockito-core\2.23.4\mockito-core-2.23.4.jar;D:\tools\maven_repo\net\bytebuddy\byte-buddy\1.9.12\byte-buddy-1.9.12.jar;D:\tools\maven_repo\net\bytebuddy\byte-buddy-agent\1.9.12\byte-buddy-agent-1.9.12.jar;D:\tools\maven_repo\org\objenesis\objenesis\2.6\objenesis-2.6.jar;D:\tools\maven_repo\org\hamcrest\hamcrest-core\1.3\hamcrest-core-1.3.jar;D:\tools\maven_repo\org\hamcrest\hamcrest-library\1.3\hamcrest-library-1.3.jar;D:\tools\maven_repo\org\skyscreamer\jsonassert\1.5.0\jsonassert-1.5.0.jar;D:\tools\maven_repo\com\vaadin\external\google\android-json\0.0.20131108.vaadin1\android-json-0.0.20131108.vaadin1.jar;D:\tools\maven_repo\org\springframework\spring-core\5.1.7.RELEASE\spring-core-5.1.7.RELEASE.jar;D:\tools\maven_repo\org\springframework\spring-jcl\5.1.7.RELEASE\spring-jcl-5.1.7.RELEASE.jar;D:\tools\maven_repo\org\springframework\spring-test\5.1.7.RELEASE\spring-test-5.1.7.RELEASE.jar;D:\tools\maven_repo\org\xmlunit\xmlunit-core\2.6.2\xmlunit-core-2.6.2.jar;D:\tools\maven_repo\org\jsoup\jsoup\1.10.2\jsoup-1.10.2.jar;D:\tools\maven_repo\com\fasterxml\jackson\dataformat\jackson-dataformat-cbor\2.9.9\jackson-dataformat-cbor-2.9.9.jar;D:\tools\maven_repo\com\fasterxml\jackson\core\jackson-core\2.9.8\jackson-core-2.9.8.jar;D:\tools\maven_repo\com\fasterxml\jackson\dataformat\jackson-dataformat-xml\2.9.9\jackson-dataformat-xml-2.9.9.jar;D:\tools\maven_repo\com\fasterxml\jackson\core\jackson-annotations\2.9.0\jackson-annotations-2.9.0.jar;D:\tools\maven_repo\com\fasterxml\jackson\core\jackson-databind\2.9.8\jackson-databind-2.9.8.jar;D:\tools\maven_repo\com\fasterxml\jackson\module\jackson-module-jaxb-annotations\2.9.8\jackson-module-jaxb-annotations-2.9.8.jar;D:\tools\maven_repo\org\codehaus\woodstox\stax2-api\3.1.4\stax2-api-3.1.4.jar;D:\tools\maven_repo\com\fasterxml\woodstox\woodstox-core\5.1.0\woodstox-core-5.1.0.jar;D:\tools\maven_repo\org\springframework\boot\spring-boot-starter-log4j2\2.1.5.RELEASE\spring-boot-starter-log4j2-2.1.5.RELEASE.jar;D:\tools\maven_repo\org\apache\logging\log4j\log4j-slf4j-impl\2.11.2\log4j-slf4j-impl-2.11.2.jar;D:\tools\maven_repo\org\apache\logging\log4j\log4j-core\2.11.2\log4j-core-2.11.2.jar;D:\tools\maven_repo\org\apache\logging\log4j\log4j-jul\2.11.2\log4j-jul-2.11.2.jar;D:\tools\maven_repo\org\slf4j\jul-to-slf4j\1.7.26\jul-to-slf4j-1.7.26.jar;D:\tools\maven_repo\org\projectlombok\lombok\1.18.8\lombok-1.18.8.jar;"/>
    <property name="sun.cpu.endian" value="little"/>
    <property name="user.home" value="C:\Users\24321"/>
    <property name="user.language" value="zh"/>
    <property name="java.specification.vendor" value="Oracle Corporation"/>
    <property name="idea.version2019.2.2" value="true"/>
    <property name="java.home" value="D:\tools\java\jdk\jdk1.8.0_241\jre"/>
    <property name="basedir" value="D:\tools\ideastudy\heima-leadnews\heima-leadnews-article"/>
    <property name="file.separator" value="\"/>
    <property name="line.separator" value="&#10;"/>
    <property name="java.vm.specification.vendor" value="Oracle Corporation"/>
    <property name="java.specification.name" value="Java Platform API Specification"/>
    <property name="java.awt.graphicsenv" value="sun.awt.Win32GraphicsEnvironment"/>
    <property name="surefire.real.class.path" value="C:\Users\24321\AppData\Local\Temp\surefire5354949746165911261\surefirebooter4286445950559597827.jar"/>
    <property name="sun.boot.class.path" value="D:\tools\java\jdk\jdk1.8.0_241\jre\lib\resources.jar;D:\tools\java\jdk\jdk1.8.0_241\jre\lib\rt.jar;D:\tools\java\jdk\jdk1.8.0_241\jre\lib\sunrsasign.jar;D:\tools\java\jdk\jdk1.8.0_241\jre\lib\jsse.jar;D:\tools\java\jdk\jdk1.8.0_241\jre\lib\jce.jar;D:\tools\java\jdk\jdk1.8.0_241\jre\lib\charsets.jar;D:\tools\java\jdk\jdk1.8.0_241\jre\lib\jfr.jar;D:\tools\java\jdk\jdk1.8.0_241\jre\classes"/>
    <property name="user.script" value=""/>
    <property name="sun.management.compiler" value="HotSpot 64-Bit Tiered Compilers"/>
    <property name="java.runtime.version" value="1.8.0_241-b07"/>
    <property name="user.name" value="24321"/>
    <property name="path.separator" value=";"/>
    <property name="os.version" value="10.0"/>
    <property name="java.endorsed.dirs" value="D:\tools\java\jdk\jdk1.8.0_241\jre\lib\endorsed"/>
    <property name="java.runtime.name" value="Java(TM) SE Runtime Environment"/>
    <property name="file.encoding" value="GBK"/>
    <property name="java.vm.name" value="Java HotSpot(TM) 64-Bit Server VM"/>
    <property name="localRepository" value="D:\tools\maven_repo"/>
    <property name="java.vendor.url.bug" value="http://bugreport.sun.com/bugreport/"/>
    <property name="java.io.tmpdir" value="C:\Users\24321\AppData\Local\Temp\"/>
    <property name="java.version" value="1.8.0_241"/>
    <property name="user.dir" value="D:\tools\ideastudy\heima-leadnews\heima-leadnews-article"/>
    <property name="os.arch" value="amd64"/>
    <property name="java.vm.specification.name" value="Java Virtual Machine Specification"/>
    <property name="java.awt.printerjob" value="sun.awt.windows.WPrinterJob"/>
    <property name="sun.os.patch.level" value=""/>
    <property name="java.library.path" value="D:\tools\java\jdk\jdk1.8.0_241\jre\bin;C:\Windows\Sun\Java\bin;C:\Windows\system32;C:\Windows;C:\Program Files (x86)\Common Files\Oracle\Java\javapath;D:\tools\java\jdk\jdk1.8.0_241\bin;D:\tools\java\jdk\jdk1.8.0_241\jre\bin;C:\Windows\system32;C:\Windows;C:\Windows\System32\Wbem;C:\Windows\System32\WindowsPowerShell\v1.0\;C:\Windows\System32\OpenSSH\;C:\Program Files (x86)\Intel\Intel(R) Management Engine Components\DAL;C:\Program Files\Intel\Intel(R) Management Engine Components\DAL;C:\Program Files (x86)\NVIDIA Corporation\PhysX\Common;C:\Program Files\TortoiseSVN\bin;D:\tools\apache-maven-3.6.1\bin;C:\Program Files\MySQL\MySQL Server 5.7\bin;D:\tools\Redis-x64-3.2.100;D:\tools\Git\cmd;D:\tools\nodejs\node_global\node_modules;D:\tools\nodejs\;C:\Users\24321\AppData\Local\Microsoft\WindowsApps;D:\tools\nodejs\node_global;;."/>
    <property name="java.vm.info" value="mixed mode"/>
    <property name="java.vendor" value="Oracle Corporation"/>
    <property name="java.vm.version" value="25.241-b07"/>
    <property name="java.ext.dirs" value="D:\tools\java\jdk\jdk1.8.0_241\jre\lib\ext;C:\Windows\Sun\Java\lib\ext"/>
    <property name="sun.io.unicode.encoding" value="UnicodeLittle"/>
    <property name="maven.repo.local" value="D:\tools\maven_repo"/>
    <property name="java.class.version" value="52.0"/>
  </properties>
  <testcase name="testLoad" classname="com.heima.article.ArticleTest" time="3.811"/>
</testsuite>